Using pre-set license
Built from '2020.2/staging' branch; Version is '2020.2.6f1 (8a2143876886) revision 9052483'; Using compiler version '192528614'; Build Type 'Release'
OS: 'Windows 10 Home; OS build 18363.1379; Version 1909; 64bit' Language: 'fr' Physical Memory: 8066 MB
BatchMode: 1, IsHumanControllingUs: 0, StartBugReporterOnCrash: 0, Is64bit: 1, IsPro: 0

 COMMAND LINE ARGUMENTS:
C:\Users\lisou\Documents\Unity editors\2020.2.6f1\Editor\Unity.exe
-adb2
-batchMode
-noUpm
-name
AssetImportWorker0
-projectPath
C:/Users/lisou/Documents/Maison hantée/WonderJamSansArtisteFixe/SansArtisteFixe
-logFile
Logs/AssetImportWorker0.log
-srvPort
52602
Successfully changed project path to: C:/Users/lisou/Documents/Maison hantée/WonderJamSansArtisteFixe/SansArtisteFixe
C:/Users/lisou/Documents/Maison hantée/WonderJamSansArtisteFixe/SansArtisteFixe
Using Asset Import Pipeline V2.
Refreshing native plugins compatible for Editor in 38.65 ms, found 1 plugins.
Preloading 0 native plugins for Editor in 0.00 ms.
Initialize engine version: 2020.2.6f1 (8a2143876886)
[Subsystems] Discovering subsystems at path C:/Users/lisou/Documents/Unity editors/2020.2.6f1/Editor/Data/Resources/UnitySubsystems
[Subsystems] Discovering subsystems at path C:/Users/lisou/Documents/Maison hantée/WonderJamSansArtisteFixe/SansArtisteFixe/Assets
GfxDevice: creating device client; threaded=0
Direct3D:
    Version:  Direct3D 11.0 [level 11.1]
    Renderer: Intel(R) UHD Graphics 620 (ID=0x5917)
    Vendor:   
    VRAM:     4033 MB
    Driver:   26.20.100.7262
Initialize mono
Mono path[0] = 'C:/Users/lisou/Documents/Unity editors/2020.2.6f1/Editor/Data/Managed'
Mono path[1] = 'C:/Users/lisou/Documents/Unity editors/2020.2.6f1/Editor/Data/MonoBleedingEdge/lib/mono/unityjit'
Mono config path = 'C:/Users/lisou/Documents/Unity editors/2020.2.6f1/Editor/Data/MonoBleedingEdge/etc'
Using monoOptions --debugger-agent=transport=dt_socket,embedding=1,server=y,suspend=n,address=127.0.0.1:56556
Begin MonoManager ReloadAssembly
Registering precompiled unity dll's ...
Register platform support module: C:/Users/lisou/Documents/Unity editors/2020.2.6f1/Editor/Data/PlaybackEngines/WebGLSupport/UnityEditor.WebGL.Extensions.dll
Register platform support module: C:/Users/lisou/Documents/Unity editors/2020.2.6f1/Editor/Data/PlaybackEngines/WindowsStandaloneSupport/UnityEditor.WindowsStandalone.Extensions.dll
Registered in 0.004098 seconds.
Native extension for WindowsStandalone target not found
Native extension for WebGL target not found
Refreshing native plugins compatible for Editor in 39.44 ms, found 1 plugins.
Preloading 0 native plugins for Editor in 0.00 ms.
Invoked RoslynAnalysisRunner static constructor.
RoslynAnalysisRunner will not be running.
RoslynAnalysisRunner has terminated.
Mono: successfully reloaded assembly
- Completed reload, in  1.761 seconds
Platform modules already initialized, skipping
Registering precompiled user dll's ...
Registered in 0.001664 seconds.
Begin MonoManager ReloadAssembly
Native extension for WindowsStandalone target not found
Native extension for WebGL target not found
Refreshing native plugins compatible for Editor in 39.26 ms, found 1 plugins.
Preloading 0 native plugins for Editor in 0.00 ms.
Invoked RoslynAnalysisRunner static constructor.
RoslynAnalysisRunner will not be running.
RoslynAnalysisRunner has terminated.
Mono: successfully reloaded assembly
- Completed reload, in  1.136 seconds
Platform modules already initialized, skipping
========================================================================
Worker process is ready to serve import requests
Launched and connected shader compiler UnityShaderCompiler.exe after 0.11 seconds
Refreshing native plugins compatible for Editor in 0.38 ms, found 1 plugins.
Preloading 0 native plugins for Editor in 0.00 ms.
Unloading 1796 Unused Serialized files (Serialized files now loaded: 0)
System memory in use before: 84.9 MB.
System memory in use after: 84.8 MB.

Unloading 24 unused Assets to reduce memory usage. Loaded Objects now: 2237.
Total: 2.707200 ms (FindLiveObjects: 0.218400 ms CreateObjectMapping: 0.074700 ms MarkObjects: 2.258700 ms  DeleteObjects: 0.153900 ms)

========================================================================
Received Import Request.
  path: Assets/Scenes
  artifactKey: Guid(32b2b3c91d14cd448b0e2893b854934b) Importer(815301076,1909f56bfc062723c751e8b465ee728b)
Start importing Assets/Scenes using Guid(32b2b3c91d14cd448b0e2893b854934b) Importer(815301076,1909f56bfc062723c751e8b465ee728b)  -> (artifact id: '748cc73ade69552f9bb661d618870f29') in 0.009348 seconds
  Import took 0.013275 seconds .

========================================================================
Received Import Request.
  Time since last request: 9.074598 seconds.
  path: Assets/Pieces
  artifactKey: Guid(db365d27fa74be741bccede408a287f9) Importer(815301076,1909f56bfc062723c751e8b465ee728b)
Start importing Assets/Pieces using Guid(db365d27fa74be741bccede408a287f9) Importer(815301076,1909f56bfc062723c751e8b465ee728b)  -> (artifact id: '22fb3217352c28f0679c671cad8e1936') in 0.008322 seconds
  Import took 0.012747 seconds .

========================================================================
Received Import Request.
  Time since last request: 12.219409 seconds.
  path: Assets/Pieces/salle1.png
  artifactKey: Guid(e5842494748967f418a607387744c647) Importer(815301076,1909f56bfc062723c751e8b465ee728b)
Start importing Assets/Pieces/salle1.png using Guid(e5842494748967f418a607387744c647) Importer(815301076,1909f56bfc062723c751e8b465ee728b)  -> (artifact id: 'c1c70f2c5a7fa5287909c23454699084') in 0.232847 seconds
  Import took 0.238668 seconds .

========================================================================
Received Import Request.
  Time since last request: 2.838712 seconds.
  path: Assets/Pieces/salle2.png
  artifactKey: Guid(92c5f13edd4ea034982ba57d82a6f52e) Importer(815301076,1909f56bfc062723c751e8b465ee728b)
Start importing Assets/Pieces/salle2.png using Guid(92c5f13edd4ea034982ba57d82a6f52e) Importer(815301076,1909f56bfc062723c751e8b465ee728b)  -> (artifact id: 'd3b95fd7c3dac721e8504cd2f44346e9') in 0.018337 seconds
  Import took 0.024216 seconds .

========================================================================
Received Import Request.
  Time since last request: 0.003955 seconds.
  path: Assets/Pieces/salle2.png
  artifactKey: Guid(92c5f13edd4ea034982ba57d82a6f52e) Importer(815301076,1909f56bfc062723c751e8b465ee728b)
Start importing Assets/Pieces/salle2.png using Guid(92c5f13edd4ea034982ba57d82a6f52e) Importer(815301076,1909f56bfc062723c751e8b465ee728b)  -> (artifact id: 'd3b95fd7c3dac721e8504cd2f44346e9') in 0.016277 seconds
  Import took 0.021561 seconds .

========================================================================
Received Import Request.
  Time since last request: 3.287866 seconds.
  path: Assets/Pieces/salle3.png
  artifactKey: Guid(b398fdfc243e00f4192f9fb8a608e834) Importer(815301076,1909f56bfc062723c751e8b465ee728b)
Start importing Assets/Pieces/salle3.png using Guid(b398fdfc243e00f4192f9fb8a608e834) Importer(815301076,1909f56bfc062723c751e8b465ee728b)  -> (artifact id: 'd9cf908bb4fb0b174389b8e968f203ef') in 0.023039 seconds
  Import took 0.028903 seconds .

========================================================================
Received Import Request.
  Time since last request: 12.369718 seconds.
  path: Assets/Salles
  artifactKey: Guid(db365d27fa74be741bccede408a287f9) Importer(815301076,1909f56bfc062723c751e8b465ee728b)
Start importing Assets/Salles using Guid(db365d27fa74be741bccede408a287f9) Importer(815301076,1909f56bfc062723c751e8b465ee728b)  -> (artifact id: '68d0ac3b32027a4203f5158b0b25ab19') in 0.007137 seconds
  Import took 0.011937 seconds .

AssetImportWorkerClient::OnTransportError - code=2 error=End of file
